<?xml version="1.0" encoding="UTF-8"?>
<!-- Generated by org.testng.reporters.JUnitReportReporter -->
<testsuite hostname="LAPTOP-2PN21ELN" failures="0" tests="1" name="test_case.Admin_test" time="3.958" errors="0" timestamp="2022-08-07T23:40:58 IST" skipped="0">
  <testcase classname="test_case.Admin_test" name="to_write_user_role" time="3.958"/>
  <system-out/>
</testsuite> <!-- test_case.Admin_test -->
