<?xml version="1.0" encoding="UTF-8"?>
<!-- Generated by org.testng.reporters.JUnitReportReporter -->
<testsuite hostname="LAPTOP-2PN21ELN" failures="0" tests="5" name="datadriven.Datadriven_test" time="14.272" errors="0" timestamp="2022-08-07T23:40:58 IST" skipped="0">
  <testcase classname="datadriven.Datadriven_test" name="f" time="1.847"/>
  <system-out/>
  <testcase classname="datadriven.Datadriven_test" name="f" time="1.692"/>
  <system-out/>
  <testcase classname="datadriven.Datadriven_test" name="f" time="8.067"/>
  <system-out/>
  <testcase classname="datadriven.Datadriven_test" name="f" time="1.304"/>
  <system-out/>
  <testcase classname="datadriven.Datadriven_test" name="f" time="1.362"/>
  <system-out/>
</testsuite> <!-- datadriven.Datadriven_test -->
