<?xml version="1.0" encoding="UTF-8"?>
<!-- Generated by org.testng.reporters.JUnitReportReporter -->
<testsuite hostname="LAPTOP-2PN21ELN" failures="0" tests="5" name="datadriven.Datadriven_test" time="14.858" errors="0" timestamp="2022-08-08T21:53:12 IST" skipped="0">
  <testcase classname="datadriven.Datadriven_test" name="f" time="1.466"/>
  <system-out/>
  <testcase classname="datadriven.Datadriven_test" name="f" time="1.601"/>
  <system-out/>
  <testcase classname="datadriven.Datadriven_test" name="f" time="1.643"/>
  <system-out/>
  <testcase classname="datadriven.Datadriven_test" name="f" time="7.951"/>
  <system-out/>
  <testcase classname="datadriven.Datadriven_test" name="f" time="2.197"/>
  <system-out/>
</testsuite> <!-- datadriven.Datadriven_test -->
