<?xml version="1.0" encoding="UTF-8"?>
<!-- Generated by org.testng.reporters.JUnitReportReporter -->
<testsuite hostname="LAPTOP-2PN21ELN" failures="0" tests="1" name="test_case.Myinfo_test" time="18.169" errors="0" timestamp="2022-08-08T21:53:12 IST" skipped="0">
  <testcase classname="test_case.Myinfo_test" name="screen" time="18.169"/>
  <system-out/>
</testsuite> <!-- test_case.Myinfo_test -->
