<?xml version="1.0" encoding="UTF-8"?>
<!-- Generated by org.testng.reporters.JUnitReportReporter -->
<testsuite hostname="LAPTOP-2PN21ELN" failures="0" tests="1" name="test_case.Dashboard_test" time="0.092" errors="0" timestamp="2022-08-08T21:53:12 IST" skipped="0">
  <testcase classname="test_case.Dashboard_test" name="dash" time="0.092"/>
  <system-out/>
</testsuite> <!-- test_case.Dashboard_test -->
